This file contains any messages produced by compilers while
running configure, to aid debugging if configure makes a mistake.

It was created by libffi configure 3.2.1, which was
generated by GNU Autoconf 2.69.  Invocation command line was

  $ .././configure --srcdir=.. --enable-builddir=x86_64-unknown-linux-gnu

## --------- ##
## Platform. ##
## --------- ##

hostname = nolinux
uname -m = x86_64
uname -r = 4.18.8-041808-generic
uname -s = Linux
uname -v = #201809150431 SMP Sat Sep 15 08:33:36 UTC 2018

/usr/bin/uname -p = unknown
/bin/uname -X     = unknown

/bin/arch              = unknown
/usr/bin/arch -k       = unknown
/usr/convex/getsysinfo = unknown
/usr/bin/hostinfo      = unknown
/bin/machine           = unknown
/usr/bin/oslevel       = unknown
/bin/universe          = unknown

PATH: /home/niikoo/bin
PATH: /usr/local/bin
PATH: /home/niikoo/bin
PATH: /usr/local/bin
PATH: /home/niikoo/.local/lib/vulkan/1.1.82.1/x86_64/bin
PATH: /home/niikoo/.local/bin
PATH: /usr/local/sbin
PATH: /usr/local/bin
PATH: /usr/sbin
PATH: /usr/bin
PATH: /sbin
PATH: /bin
PATH: /usr/games
PATH: /usr/local/games
PATH: /snap/bin
PATH: /home/niikoo/.dotnet/tools


## ----------- ##
## Core tests. ##
## ----------- ##

configure:2745: checking build system type
configure:2759: result: x86_64-unknown-linux-gnu
configure:2779: checking host system type
configure:2792: result: x86_64-unknown-linux-gnu
configure:2812: checking target system type
configure:2825: result: x86_64-unknown-linux-gnu
configure:2922: checking for gsed
configure:2953: result: sed
configure:2981: checking for a BSD-compatible install
configure:3049: result: /usr/bin/install -c
configure:3060: checking whether build environment is sane
configure:3115: result: yes
configure:3263: checking for a thread-safe mkdir -p
configure:3302: result: /bin/mkdir -p
configure:3309: checking for gawk
configure:3325: found /usr/bin/gawk
configure:3336: result: gawk
configure:3347: checking whether make sets $(MAKE)
configure:3369: result: yes
configure:3398: checking whether make supports nested variables
configure:3415: result: yes
configure:3558: checking for gcc
configure:3574: found /usr/bin/gcc
configure:3585: result: gcc
configure:3814: checking for C compiler version
configure:3823: gcc --version >&5
gcc (Ubuntu 7.3.0-27ubuntu1~18.04) 7.3.0
Copyright (C) 2017 Free Software Foundation, Inc.
This is free software; see the source for copying conditions.  There is NO
warranty; not even for MERCHANTABILITY or FITNESS FOR A PARTICULAR PURPOSE.

configure:3834: $? = 0
configure:3823: gcc -v >&5
Using built-in specs.
COLLECT_GCC=gcc
COLLECT_LTO_WRAPPER=/usr/lib/gcc/x86_64-linux-gnu/7/lto-wrapper
OFFLOAD_TARGET_NAMES=nvptx-none
OFFLOAD_TARGET_DEFAULT=1
Target: x86_64-linux-gnu
Configured with: ../src/configure -v --with-pkgversion='Ubuntu 7.3.0-27ubuntu1~18.04' --with-bugurl=file:///usr/share/doc/gcc-7/README.Bugs --enable-languages=c,ada,c++,go,brig,d,fortran,objc,obj-c++ --prefix=/usr --with-gcc-major-version-only --program-suffix=-7 --program-prefix=x86_64-linux-gnu- --enable-shared --enable-linker-build-id --libexecdir=/usr/lib --without-included-gettext --enable-threads=posix --libdir=/usr/lib --enable-nls --with-sysroot=/ --enable-clocale=gnu --enable-libstdcxx-debug --enable-libstdcxx-time=yes --with-default-libstdcxx-abi=new --enable-gnu-unique-object --disable-vtable-verify --enable-libmpx --enable-plugin --enable-default-pie --with-system-zlib --with-target-system-zlib --enable-objc-gc=auto --enable-multiarch --disable-werror --with-arch-32=i686 --with-abi=m64 --with-multilib-list=m32,m64,mx32 --enable-multilib --with-tune=generic --enable-offload-targets=nvptx-none --without-cuda-driver --enable-checking=release --build=x86_64-linux-gnu --host=x86_64-linux-gnu --target=x86_64-linux-gnu
Thread model: posix
gcc version 7.3.0 (Ubuntu 7.3.0-27ubuntu1~18.04) 
configure:3834: $? = 0
configure:3823: gcc -V >&5
gcc: error: unrecognized command line option '-V'
gcc: fatal error: no input files
compilation terminated.
configure:3834: $? = 1
configure:3823: gcc -qversion >&5
gcc: error: unrecognized command line option '-qversion'; did you mean '--version'?
gcc: fatal error: no input files
compilation terminated.
configure:3834: $? = 1
configure:3854: checking whether the C compiler works
configure:3876: gcc    conftest.c  >&5
configure:3880: $? = 0
configure:3928: result: yes
configure:3931: checking for C compiler default output file name
configure:3933: result: a.out
configure:3939: checking for suffix of executables
configure:3946: gcc -o conftest    conftest.c  >&5
configure:3950: $? = 0
configure:3972: result: 
configure:3994: checking whether we are cross compiling
configure:4002: gcc -o conftest    conftest.c  >&5
configure:4006: $? = 0
configure:4013: ./conftest
configure:4017: $? = 0
configure:4032: result: no
configure:4037: checking for suffix of object files
configure:4059: gcc -c   conftest.c >&5
configure:4063: $? = 0
configure:4084: result: o
configure:4088: checking whether we are using the GNU C compiler
configure:4107: gcc -c   conftest.c >&5
configure:4107: $? = 0
configure:4116: result: yes
configure:4125: checking whether gcc accepts -g
configure:4145: gcc -c -g  conftest.c >&5
configure:4145: $? = 0
configure:4186: result: yes
configure:4203: checking for gcc option to accept ISO C89
configure:4266: gcc  -c -g -O2  conftest.c >&5
configure:4266: $? = 0
configure:4279: result: none needed
configure:4310: checking for style of include used by make
configure:4338: result: GNU
configure:4364: checking dependency style of gcc
configure:4475: result: gcc3
configure:4548: checking for g++
configure:4564: found /usr/bin/g++
configure:4575: result: g++
configure:4602: checking for C++ compiler version
configure:4611: g++ --version >&5
g++ (Ubuntu 7.3.0-27ubuntu1~18.04) 7.3.0
Copyright (C) 2017 Free Software Foundation, Inc.
This is free software; see the source for copying conditions.  There is NO
warranty; not even for MERCHANTABILITY or FITNESS FOR A PARTICULAR PURPOSE.

configure:4622: $? = 0
configure:4611: g++ -v >&5
Using built-in specs.
COLLECT_GCC=g++
COLLECT_LTO_WRAPPER=/usr/lib/gcc/x86_64-linux-gnu/7/lto-wrapper
OFFLOAD_TARGET_NAMES=nvptx-none
OFFLOAD_TARGET_DEFAULT=1
Target: x86_64-linux-gnu
Configured with: ../src/configure -v --with-pkgversion='Ubuntu 7.3.0-27ubuntu1~18.04' --with-bugurl=file:///usr/share/doc/gcc-7/README.Bugs --enable-languages=c,ada,c++,go,brig,d,fortran,objc,obj-c++ --prefix=/usr --with-gcc-major-version-only --program-suffix=-7 --program-prefix=x86_64-linux-gnu- --enable-shared --enable-linker-build-id --libexecdir=/usr/lib --without-included-gettext --enable-threads=posix --libdir=/usr/lib --enable-nls --with-sysroot=/ --enable-clocale=gnu --enable-libstdcxx-debug --enable-libstdcxx-time=yes --with-default-libstdcxx-abi=new --enable-gnu-unique-object --disable-vtable-verify --enable-libmpx --enable-plugin --enable-default-pie --with-system-zlib --with-target-system-zlib --enable-objc-gc=auto --enable-multiarch --disable-werror --with-arch-32=i686 --with-abi=m64 --with-multilib-list=m32,m64,mx32 --enable-multilib --with-tune=generic --enable-offload-targets=nvptx-none --without-cuda-driver --enable-checking=release --build=x86_64-linux-gnu --host=x86_64-linux-gnu --target=x86_64-linux-gnu
Thread model: posix
gcc version 7.3.0 (Ubuntu 7.3.0-27ubuntu1~18.04) 
configure:4622: $? = 0
configure:4611: g++ -V >&5
g++: error: unrecognized command line option '-V'
g++: fatal error: no input files
compilation terminated.
configure:4622: $? = 1
configure:4611: g++ -qversion >&5
g++: error: unrecognized command line option '-qversion'; did you mean '--version'?
g++: fatal error: no input files
compilation terminated.
configure:4622: $? = 1
configure:4626: checking whether we are using the GNU C++ compiler
configure:4645: g++ -c   conftest.cpp >&5
configure:4645: $? = 0
configure:4654: result: yes
configure:4663: checking whether g++ accepts -g
configure:4683: g++ -c -g  conftest.cpp >&5
configure:4683: $? = 0
configure:4724: result: yes
configure:4749: checking dependency style of g++
configure:4860: result: gcc3
configure:4890: checking dependency style of gcc
configure:4999: result: gcc3
configure:5015: checking whether gcc and cc understand -c and -o together
configure:5046: gcc -c conftest.c -o conftest2.o >&5
configure:5050: $? = 0
configure:5056: gcc -c conftest.c -o conftest2.o >&5
configure:5060: $? = 0
configure:5071: cc -c conftest.c >&5
configure:5075: $? = 0
configure:5083: cc -c conftest.c -o conftest2.o >&5
configure:5087: $? = 0
configure:5093: cc -c conftest.c -o conftest2.o >&5
configure:5097: $? = 0
configure:5115: result: yes
configure:5186: checking how to print strings
configure:5213: result: printf
configure:5234: checking for a sed that does not truncate output
configure:5298: result: /bin/sed
configure:5316: checking for grep that handles long lines and -e
configure:5374: result: /bin/grep
configure:5379: checking for egrep
configure:5441: result: /bin/grep -E
configure:5446: checking for fgrep
configure:5508: result: /bin/grep -F
configure:5543: checking for ld used by gcc
configure:5610: result: /usr/bin/ld
configure:5617: checking if the linker (/usr/bin/ld) is GNU ld
configure:5632: result: yes
configure:5644: checking for BSD- or MS-compatible name lister (nm)
configure:5693: result: /usr/bin/nm -B
configure:5823: checking the name lister (/usr/bin/nm -B) interface
configure:5830: gcc -c   conftest.c >&5
configure:5833: /usr/bin/nm -B "conftest.o"
configure:5836: output
0000000000000000 B some_variable
configure:5843: result: BSD nm
configure:5846: checking whether ln -s works
configure:5850: result: yes
configure:5858: checking the maximum length of command line arguments
configure:5988: result: 1572864
configure:6005: checking whether the shell understands some XSI constructs
configure:6015: result: yes
configure:6019: checking whether the shell understands "+="
configure:6025: result: yes
configure:6060: checking how to convert x86_64-unknown-linux-gnu file names to x86_64-unknown-linux-gnu format
configure:6100: result: func_convert_file_noop
configure:6107: checking how to convert x86_64-unknown-linux-gnu file names to toolchain format
configure:6127: result: func_convert_file_noop
configure:6134: checking for /usr/bin/ld option to reload object files
configure:6141: result: -r
configure:6215: checking for objdump
configure:6231: found /usr/bin/objdump
configure:6242: result: objdump
configure:6274: checking how to recognize dependent libraries
configure:6476: result: pass_all
configure:6561: checking for dlltool
configure:6591: result: no
configure:6621: checking how to associate runtime and link libraries
configure:6648: result: printf %s\n
configure:6709: checking for ar
configure:6725: found /usr/bin/ar
configure:6736: result: ar
configure:6773: checking for archiver @FILE support
configure:6790: gcc -c   conftest.c >&5
configure:6790: $? = 0
configure:6793: ar cru libconftest.a @conftest.lst >&5
ar: `u' modifier ignored since `D' is the default (see `U')
configure:6796: $? = 0
configure:6801: ar cru libconftest.a @conftest.lst >&5
ar: `u' modifier ignored since `D' is the default (see `U')
ar: conftest.o: No such file or directory
configure:6804: $? = 1
configure:6816: result: @
configure:6874: checking for strip
configure:6890: found /usr/bin/strip
configure:6901: result: strip
configure:6973: checking for ranlib
configure:6989: found /usr/bin/ranlib
configure:7000: result: ranlib
configure:7102: checking command to parse /usr/bin/nm -B output from gcc object
configure:7222: gcc -c   conftest.c >&5
configure:7225: $? = 0
configure:7229: /usr/bin/nm -B conftest.o \| sed -n -e 's/^.*[ ]\([ABCDGIRSTW][ABCDGIRSTW]*\)[ ][ ]*\([_A-Za-z][_A-Za-z0-9]*\)$/\1 \2 \2/p' | sed '/ __gnu_lto/d' \> conftest.nm
configure:7232: $? = 0
configure:7298: gcc -o conftest    conftest.c conftstm.o >&5
configure:7301: $? = 0
configure:7339: result: ok
configure:7376: checking for sysroot
configure:7406: result: no
configure:7483: gcc -c   conftest.c >&5
configure:7486: $? = 0
configure:7662: checking for mt
configure:7678: found /bin/mt
configure:7689: result: mt
configure:7712: checking if mt is a manifest tool
configure:7718: mt '-?'
configure:7726: result: no
configure:8368: checking how to run the C preprocessor
configure:8399: gcc -E  conftest.c
configure:8399: $? = 0
configure:8413: gcc -E  conftest.c
conftest.c:11:10: fatal error: ac_nonexistent.h: No such file or directory
 #include <ac_nonexistent.h>
          ^~~~~~~~~~~~~~~~~~
compilation terminated.
configure:8413: $? = 1
configure: failed program was:
| /* confdefs.h */
| #define PACKAGE_NAME "libffi"
| #define PACKAGE_TARNAME "libffi"
| #define PACKAGE_VERSION "3.2.1"
| #define PACKAGE_STRING "libffi 3.2.1"
| #define PACKAGE_BUGREPORT "http://github.com/atgreen/libffi/issues"
| #define PACKAGE_URL ""
| #define PACKAGE "libffi"
| #define VERSION "3.2.1"
| /* end confdefs.h.  */
| #include <ac_nonexistent.h>
configure:8438: result: gcc -E
configure:8458: gcc -E  conftest.c
configure:8458: $? = 0
configure:8472: gcc -E  conftest.c
conftest.c:11:10: fatal error: ac_nonexistent.h: No such file or directory
 #include <ac_nonexistent.h>
          ^~~~~~~~~~~~~~~~~~
compilation terminated.
configure:8472: $? = 1
configure: failed program was:
| /* confdefs.h */
| #define PACKAGE_NAME "libffi"
| #define PACKAGE_TARNAME "libffi"
| #define PACKAGE_VERSION "3.2.1"
| #define PACKAGE_STRING "libffi 3.2.1"
| #define PACKAGE_BUGREPORT "http://github.com/atgreen/libffi/issues"
| #define PACKAGE_URL ""
| #define PACKAGE "libffi"
| #define VERSION "3.2.1"
| /* end confdefs.h.  */
| #include <ac_nonexistent.h>
configure:8501: checking for ANSI C header files
configure:8521: gcc -c   conftest.c >&5
configure:8521: $? = 0
configure:8594: gcc -o conftest    conftest.c  >&5
configure:8594: $? = 0
configure:8594: ./conftest
configure:8594: $? = 0
configure:8605: result: yes
configure:8618: checking for sys/types.h
configure:8618: gcc -c   conftest.c >&5
configure:8618: $? = 0
configure:8618: result: yes
configure:8618: checking for sys/stat.h
configure:8618: gcc -c   conftest.c >&5
configure:8618: $? = 0
configure:8618: result: yes
configure:8618: checking for stdlib.h
configure:8618: gcc -c   conftest.c >&5
configure:8618: $? = 0
configure:8618: result: yes
configure:8618: checking for string.h
configure:8618: gcc -c   conftest.c >&5
configure:8618: $? = 0
configure:8618: result: yes
configure:8618: checking for memory.h
configure:8618: gcc -c   conftest.c >&5
configure:8618: $? = 0
configure:8618: result: yes
configure:8618: checking for strings.h
configure:8618: gcc -c   conftest.c >&5
configure:8618: $? = 0
configure:8618: result: yes
configure:8618: checking for inttypes.h
configure:8618: gcc -c   conftest.c >&5
configure:8618: $? = 0
configure:8618: result: yes
configure:8618: checking for stdint.h
configure:8618: gcc -c   conftest.c >&5
configure:8618: $? = 0
configure:8618: result: yes
configure:8618: checking for unistd.h
configure:8618: gcc -c   conftest.c >&5
configure:8618: $? = 0
configure:8618: result: yes
configure:8632: checking for dlfcn.h
configure:8632: gcc -c   conftest.c >&5
configure:8632: $? = 0
configure:8632: result: yes
configure:8849: checking for objdir
configure:8864: result: .libs
configure:9135: checking if gcc supports -fno-rtti -fno-exceptions
configure:9153: gcc -c   -fno-rtti -fno-exceptions conftest.c >&5
cc1: warning: command line option '-fno-rtti' is valid for C++/ObjC++ but not for C
configure:9157: $? = 0
configure:9170: result: no
configure:9497: checking for gcc option to produce PIC
configure:9504: result: -fPIC -DPIC
configure:9512: checking if gcc PIC flag -fPIC -DPIC works
configure:9530: gcc -c   -fPIC -DPIC -DPIC conftest.c >&5
configure:9534: $? = 0
configure:9547: result: yes
configure:9576: checking if gcc static flag -static works
configure:9604: result: yes
configure:9619: checking if gcc supports -c -o file.o
configure:9640: gcc -c   -o out/conftest2.o conftest.c >&5
configure:9644: $? = 0
configure:9666: result: yes
configure:9674: checking if gcc supports -c -o file.o
configure:9721: result: yes
configure:9754: checking whether the gcc linker (/usr/bin/ld -m elf_x86_64) supports shared libraries
configure:10907: result: yes
configure:10944: checking whether -lc should be explicitly linked in
configure:10952: gcc -c   conftest.c >&5
configure:10955: $? = 0
configure:10970: gcc -shared  -fPIC -DPIC conftest.o  -v -Wl,-soname -Wl,conftest -o conftest 2\>\&1 \| /bin/grep  -lc  \>/dev/null 2\>\&1
configure:10973: $? = 0
configure:10987: result: no
configure:11147: checking dynamic linker characteristics
configure:11658: gcc -o conftest    -Wl,-rpath -Wl,/foo conftest.c  >&5
configure:11658: $? = 0
configure:11884: result: GNU/Linux ld.so
configure:11991: checking how to hardcode library paths into programs
configure:12016: result: immediate
configure:12556: checking whether stripping libraries is possible
configure:12561: result: yes
configure:12596: checking if libtool supports shared libraries
configure:12598: result: yes
configure:12601: checking whether to build shared libraries
configure:12622: result: yes
configure:12625: checking whether to build static libraries
configure:12629: result: yes
configure:12652: checking how to run the C++ preprocessor
configure:12679: g++ -E  conftest.cpp
configure:12679: $? = 0
configure:12693: g++ -E  conftest.cpp
conftest.cpp:23:10: fatal error: ac_nonexistent.h: No such file or directory
 #include <ac_nonexistent.h>
          ^~~~~~~~~~~~~~~~~~
compilation terminated.
configure:12693: $? = 1
configure: failed program was:
| /* confdefs.h */
| #define PACKAGE_NAME "libffi"
| #define PACKAGE_TARNAME "libffi"
| #define PACKAGE_VERSION "3.2.1"
| #define PACKAGE_STRING "libffi 3.2.1"
| #define PACKAGE_BUGREPORT "http://github.com/atgreen/libffi/issues"
| #define PACKAGE_URL ""
| #define PACKAGE "libffi"
| #define VERSION "3.2.1"
| #define STDC_HEADERS 1
| #define HAVE_SYS_TYPES_H 1
| #define HAVE_SYS_STAT_H 1
| #define HAVE_STDLIB_H 1
| #define HAVE_STRING_H 1
| #define HAVE_MEMORY_H 1
| #define HAVE_STRINGS_H 1
| #define HAVE_INTTYPES_H 1
| #define HAVE_STDINT_H 1
| #define HAVE_UNISTD_H 1
| #define HAVE_DLFCN_H 1
| #define LT_OBJDIR ".libs/"
| /* end confdefs.h.  */
| #include <ac_nonexistent.h>
configure:12718: result: g++ -E
configure:12738: g++ -E  conftest.cpp
configure:12738: $? = 0
configure:12752: g++ -E  conftest.cpp
conftest.cpp:23:10: fatal error: ac_nonexistent.h: No such file or directory
 #include <ac_nonexistent.h>
          ^~~~~~~~~~~~~~~~~~
compilation terminated.
configure:12752: $? = 1
configure: failed program was:
| /* confdefs.h */
| #define PACKAGE_NAME "libffi"
| #define PACKAGE_TARNAME "libffi"
| #define PACKAGE_VERSION "3.2.1"
| #define PACKAGE_STRING "libffi 3.2.1"
| #define PACKAGE_BUGREPORT "http://github.com/atgreen/libffi/issues"
| #define PACKAGE_URL ""
| #define PACKAGE "libffi"
| #define VERSION "3.2.1"
| #define STDC_HEADERS 1
| #define HAVE_SYS_TYPES_H 1
| #define HAVE_SYS_STAT_H 1
| #define HAVE_STDLIB_H 1
| #define HAVE_STRING_H 1
| #define HAVE_MEMORY_H 1
| #define HAVE_STRINGS_H 1
| #define HAVE_INTTYPES_H 1
| #define HAVE_STDINT_H 1
| #define HAVE_UNISTD_H 1
| #define HAVE_DLFCN_H 1
| #define LT_OBJDIR ".libs/"
| /* end confdefs.h.  */
| #include <ac_nonexistent.h>
configure:12921: checking for ld used by g++
configure:12988: result: /usr/bin/ld -m elf_x86_64
configure:12995: checking if the linker (/usr/bin/ld -m elf_x86_64) is GNU ld
configure:13010: result: yes
configure:13065: checking whether the g++ linker (/usr/bin/ld -m elf_x86_64) supports shared libraries
configure:14070: result: yes
configure:14106: g++ -c -g -O2  conftest.cpp >&5
configure:14109: $? = 0
configure:14629: checking for g++ option to produce PIC
configure:14636: result: -fPIC -DPIC
configure:14644: checking if g++ PIC flag -fPIC -DPIC works
configure:14662: g++ -c -g -O2  -fPIC -DPIC -DPIC conftest.cpp >&5
configure:14666: $? = 0
configure:14679: result: yes
configure:14702: checking if g++ static flag -static works
configure:14730: result: yes
configure:14742: checking if g++ supports -c -o file.o
configure:14763: g++ -c -g -O2  -o out/conftest2.o conftest.cpp >&5
configure:14767: $? = 0
configure:14789: result: yes
configure:14794: checking if g++ supports -c -o file.o
configure:14841: result: yes
configure:14871: checking whether the g++ linker (/usr/bin/ld -m elf_x86_64) supports shared libraries
configure:14907: result: yes
configure:15048: checking dynamic linker characteristics
configure:15719: result: GNU/Linux ld.so
configure:15772: checking how to hardcode library paths into programs
configure:15797: result: immediate
configure:15865: checking size of size_t
configure:15870: gcc -o conftest    conftest.c  >&5
configure:15870: $? = 0
configure:15870: ./conftest
configure:15870: $? = 0
configure:15884: result: 8
configure:15895: checking for C compiler vendor
configure:15940: gcc -c   conftest.c >&5
conftest.c: In function 'main':
conftest.c:30:9: error: 'thisisanerror' undeclared (first use in this function)
         thisisanerror;
         ^~~~~~~~~~~~~
conftest.c:30:9: note: each undeclared identifier is reported only once for each function it appears in
configure:15940: $? = 1
configure: failed program was:
| /* confdefs.h */
| #define PACKAGE_NAME "libffi"
| #define PACKAGE_TARNAME "libffi"
| #define PACKAGE_VERSION "3.2.1"
| #define PACKAGE_STRING "libffi 3.2.1"
| #define PACKAGE_BUGREPORT "http://github.com/atgreen/libffi/issues"
| #define PACKAGE_URL ""
| #define PACKAGE "libffi"
| #define VERSION "3.2.1"
| #define STDC_HEADERS 1
| #define HAVE_SYS_TYPES_H 1
| #define HAVE_SYS_STAT_H 1
| #define HAVE_STDLIB_H 1
| #define HAVE_STRING_H 1
| #define HAVE_MEMORY_H 1
| #define HAVE_STRINGS_H 1
| #define HAVE_INTTYPES_H 1
| #define HAVE_STDINT_H 1
| #define HAVE_UNISTD_H 1
| #define HAVE_DLFCN_H 1
| #define LT_OBJDIR ".libs/"
| #define SIZEOF_SIZE_T 8
| /* end confdefs.h.  */
| 
| int
| main ()
| {
| 
|       #if !(defined(__ICC) || defined(__ECC) || defined(__INTEL_COMPILER))
|         thisisanerror;
|       #endif
| 
|   ;
|   return 0;
| }
configure:15940: gcc -c   conftest.c >&5
conftest.c: In function 'main':
conftest.c:30:9: error: 'thisisanerror' undeclared (first use in this function)
         thisisanerror;
         ^~~~~~~~~~~~~
conftest.c:30:9: note: each undeclared identifier is reported only once for each function it appears in
configure:15940: $? = 1
configure: failed program was:
| /* confdefs.h */
| #define PACKAGE_NAME "libffi"
| #define PACKAGE_TARNAME "libffi"
| #define PACKAGE_VERSION "3.2.1"
| #define PACKAGE_STRING "libffi 3.2.1"
| #define PACKAGE_BUGREPORT "http://github.com/atgreen/libffi/issues"
| #define PACKAGE_URL ""
| #define PACKAGE "libffi"
| #define VERSION "3.2.1"
| #define STDC_HEADERS 1
| #define HAVE_SYS_TYPES_H 1
| #define HAVE_SYS_STAT_H 1
| #define HAVE_STDLIB_H 1
| #define HAVE_STRING_H 1
| #define HAVE_MEMORY_H 1
| #define HAVE_STRINGS_H 1
| #define HAVE_INTTYPES_H 1
| #define HAVE_STDINT_H 1
| #define HAVE_UNISTD_H 1
| #define HAVE_DLFCN_H 1
| #define LT_OBJDIR ".libs/"
| #define SIZEOF_SIZE_T 8
| /* end confdefs.h.  */
| 
| int
| main ()
| {
| 
|       #if !(defined(__xlc__) || defined(__xlC__) || defined(__IBMC__) || defined(__IBMCPP__))
|         thisisanerror;
|       #endif
| 
|   ;
|   return 0;
| }
configure:15940: gcc -c   conftest.c >&5
conftest.c: In function 'main':
conftest.c:30:9: error: 'thisisanerror' undeclared (first use in this function)
         thisisanerror;
         ^~~~~~~~~~~~~
conftest.c:30:9: note: each undeclared identifier is reported only once for each function it appears in
configure:15940: $? = 1
configure: failed program was:
| /* confdefs.h */
| #define PACKAGE_NAME "libffi"
| #define PACKAGE_TARNAME "libffi"
| #define PACKAGE_VERSION "3.2.1"
| #define PACKAGE_STRING "libffi 3.2.1"
| #define PACKAGE_BUGREPORT "http://github.com/atgreen/libffi/issues"
| #define PACKAGE_URL ""
| #define PACKAGE "libffi"
| #define VERSION "3.2.1"
| #define STDC_HEADERS 1
| #define HAVE_SYS_TYPES_H 1
| #define HAVE_SYS_STAT_H 1
| #define HAVE_STDLIB_H 1
| #define HAVE_STRING_H 1
| #define HAVE_MEMORY_H 1
| #define HAVE_STRINGS_H 1
| #define HAVE_INTTYPES_H 1
| #define HAVE_STDINT_H 1
| #define HAVE_UNISTD_H 1
| #define HAVE_DLFCN_H 1
| #define LT_OBJDIR ".libs/"
| #define SIZEOF_SIZE_T 8
| /* end confdefs.h.  */
| 
| int
| main ()
| {
| 
|       #if !(defined(__PATHCC__) || defined(__PATHSCALE__))
|         thisisanerror;
|       #endif
| 
|   ;
|   return 0;
| }
configure:15940: gcc -c   conftest.c >&5
conftest.c: In function 'main':
conftest.c:30:9: error: 'thisisanerror' undeclared (first use in this function)
         thisisanerror;
         ^~~~~~~~~~~~~
conftest.c:30:9: note: each undeclared identifier is reported only once for each function it appears in
configure:15940: $? = 1
configure: failed program was:
| /* confdefs.h */
| #define PACKAGE_NAME "libffi"
| #define PACKAGE_TARNAME "libffi"
| #define PACKAGE_VERSION "3.2.1"
| #define PACKAGE_STRING "libffi 3.2.1"
| #define PACKAGE_BUGREPORT "http://github.com/atgreen/libffi/issues"
| #define PACKAGE_URL ""
| #define PACKAGE "libffi"
| #define VERSION "3.2.1"
| #define STDC_HEADERS 1
| #define HAVE_SYS_TYPES_H 1
| #define HAVE_SYS_STAT_H 1
| #define HAVE_STDLIB_H 1
| #define HAVE_STRING_H 1
| #define HAVE_MEMORY_H 1
| #define HAVE_STRINGS_H 1
| #define HAVE_INTTYPES_H 1
| #define HAVE_STDINT_H 1
| #define HAVE_UNISTD_H 1
| #define HAVE_DLFCN_H 1
| #define LT_OBJDIR ".libs/"
| #define SIZEOF_SIZE_T 8
| /* end confdefs.h.  */
| 
| int
| main ()
| {
| 
|       #if !(defined(__clang__))
|         thisisanerror;
|       #endif
| 
|   ;
|   return 0;
| }
configure:15940: gcc -c   conftest.c >&5
configure:15940: $? = 0
configure:15948: result: gnu
configure:16223: checking whether C compiler accepts -fstrict-aliasing
configure:16242: gcc -c -O3 -fomit-frame-pointer  -fstrict-aliasing  conftest.c >&5
configure:16242: $? = 0
configure:16250: result: yes
configure:16260: checking whether C compiler accepts -ffast-math
configure:16279: gcc -c -O3 -fomit-frame-pointer -fstrict-aliasing  -ffast-math  conftest.c >&5
configure:16279: $? = 0
configure:16287: result: yes
configure:16308: checking for gcc architecture flag
configure:16310: result: 
configure:16332: checking for x86 cpuid 0 output
configure:16361: gcc -o conftest -O3 -fomit-frame-pointer -fstrict-aliasing -ffast-math   conftest.c  >&5
configure:16361: $? = 0
configure:16361: ./conftest
configure:16361: $? = 0
configure:16371: result: 16:756e6547:6c65746e:49656e69
configure:16387: checking for x86 cpuid 1 output
configure:16416: gcc -o conftest -O3 -fomit-frame-pointer -fstrict-aliasing -ffast-math   conftest.c  >&5
configure:16416: $? = 0
configure:16416: ./conftest
configure:16416: $? = 0
configure:16426: result: 506e3:100800:7ffafbbf:bfebfbff
configure:16650: checking whether C compiler accepts -march=core2
configure:16669: gcc -c -O3 -fomit-frame-pointer -fstrict-aliasing -ffast-math  -march=core2  conftest.c >&5
configure:16669: $? = 0
configure:16678: result: yes
configure:16695: checking for gcc architecture flag
configure:16697: result: -march=core2
configure:16720: checking whether C compiler accepts -O3 -fomit-frame-pointer -fstrict-aliasing -ffast-math -march=core2
configure:16739: gcc -c -O3 -fomit-frame-pointer -fstrict-aliasing -ffast-math -march=core2  -O3 -fomit-frame-pointer -fstrict-aliasing -ffast-math -march=core2  conftest.c >&5
configure:16739: $? = 0
configure:16748: result: yes
configure:16781: : CFLAGS="$CFLAGS "
configure:16784: $? = 0
configure:16799: checking CFLAGS for maximum warnings
configure:16819: gcc -c -O3 -fomit-frame-pointer -fstrict-aliasing -ffast-math -march=core2  -warn all  -warn all  conftest.c >&5
gcc: error: all: No such file or directory
gcc: error: all: No such file or directory
gcc: error: unrecognized command line option '-warn'; did you mean '--warn-'?
gcc: error: unrecognized command line option '-warn'; did you mean '--warn-'?
configure:16819: $? = 1
configure: failed program was:
| /* confdefs.h */
| #define PACKAGE_NAME "libffi"
| #define PACKAGE_TARNAME "libffi"
| #define PACKAGE_VERSION "3.2.1"
| #define PACKAGE_STRING "libffi 3.2.1"
| #define PACKAGE_BUGREPORT "http://github.com/atgreen/libffi/issues"
| #define PACKAGE_URL ""
| #define PACKAGE "libffi"
| #define VERSION "3.2.1"
| #define STDC_HEADERS 1
| #define HAVE_SYS_TYPES_H 1
| #define HAVE_SYS_STAT_H 1
| #define HAVE_STDLIB_H 1
| #define HAVE_STRING_H 1
| #define HAVE_MEMORY_H 1
| #define HAVE_STRINGS_H 1
| #define HAVE_INTTYPES_H 1
| #define HAVE_STDINT_H 1
| #define HAVE_UNISTD_H 1
| #define HAVE_DLFCN_H 1
| #define LT_OBJDIR ".libs/"
| #define SIZEOF_SIZE_T 8
| /* end confdefs.h.  */
| 
| int
| main ()
| {
| 
|   ;
|   return 0;
| }
configure:16819: gcc -c -O3 -fomit-frame-pointer -fstrict-aliasing -ffast-math -march=core2  -pedantic  -Wall  conftest.c >&5
configure:16819: $? = 0
configure:16827: result: -Wall
configure:16843: : CFLAGS="$CFLAGS $ac_cv_cflags_warn_all"
configure:16846: $? = 0
configure:16876: checking whether to enable maintainer-specific portions of Makefiles
configure:16885: result: no
configure:16901: checking sys/mman.h usability
configure:16901: gcc -c -O3 -fomit-frame-pointer -fstrict-aliasing -ffast-math -march=core2  -Wall -fexceptions  conftest.c >&5
configure:16901: $? = 0
configure:16901: result: yes
configure:16901: checking sys/mman.h presence
configure:16901: gcc -E  conftest.c
configure:16901: $? = 0
configure:16901: result: yes
configure:16901: checking for sys/mman.h
configure:16901: result: yes
configure:16914: checking for mmap
configure:16914: gcc -o conftest -O3 -fomit-frame-pointer -fstrict-aliasing -ffast-math -march=core2  -Wall -fexceptions   conftest.c  >&5
configure:16914: $? = 0
configure:16914: result: yes
configure:16914: checking for mkostemp
configure:16914: gcc -o conftest -O3 -fomit-frame-pointer -fstrict-aliasing -ffast-math -march=core2  -Wall -fexceptions   conftest.c  >&5
configure:16914: $? = 0
configure:16914: result: yes
configure:16924: checking for sys/mman.h
configure:16924: result: yes
configure:16932: checking for mmap
configure:16932: result: yes
configure:16945: checking whether read-only mmap of a plain file works
configure:16962: result: yes
configure:16964: checking whether mmap from /dev/zero works
configure:16986: result: yes
configure:16990: checking for MAP_ANON(YMOUS)
configure:17013: gcc -c -O3 -fomit-frame-pointer -fstrict-aliasing -ffast-math -march=core2  -Wall -fexceptions  conftest.c >&5
conftest.c: In function 'main':
conftest.c:38:5: warning: unused variable 'n' [-Wunused-variable]
 int n = MAP_ANONYMOUS;
     ^
configure:17013: $? = 0
configure:17020: result: yes
configure:17026: checking whether mmap with MAP_ANON(YMOUS) works
configure:17043: result: yes
configure:17622: checking for ANSI C header files
configure:17726: result: yes
configure:17736: checking for memcpy
configure:17736: gcc -o conftest -O3 -fomit-frame-pointer -fstrict-aliasing -ffast-math -march=core2  -Wall -fexceptions   conftest.c  >&5
conftest.c:54:6: warning: conflicting types for built-in function 'memcpy' [-Wbuiltin-declaration-mismatch]
 char memcpy ();
      ^~~~~~
configure:17736: $? = 0
configure:17736: result: yes
configure:17745: checking for size_t
configure:17745: gcc -c -O3 -fomit-frame-pointer -fstrict-aliasing -ffast-math -march=core2  -Wall -fexceptions  conftest.c >&5
configure:17745: $? = 0
configure:17745: gcc -c -O3 -fomit-frame-pointer -fstrict-aliasing -ffast-math -march=core2  -Wall -fexceptions  conftest.c >&5
conftest.c: In function 'main':
conftest.c:68:21: error: expected expression before ')' token
 if (sizeof ((size_t)))
                     ^
configure:17745: $? = 1
configure: failed program was:
| /* confdefs.h */
| #define PACKAGE_NAME "libffi"
| #define PACKAGE_TARNAME "libffi"
| #define PACKAGE_VERSION "3.2.1"
| #define PACKAGE_STRING "libffi 3.2.1"
| #define PACKAGE_BUGREPORT "http://github.com/atgreen/libffi/issues"
| #define PACKAGE_URL ""
| #define PACKAGE "libffi"
| #define VERSION "3.2.1"
| #define STDC_HEADERS 1
| #define HAVE_SYS_TYPES_H 1
| #define HAVE_SYS_STAT_H 1
| #define HAVE_STDLIB_H 1
| #define HAVE_STRING_H 1
| #define HAVE_MEMORY_H 1
| #define HAVE_STRINGS_H 1
| #define HAVE_INTTYPES_H 1
| #define HAVE_STDINT_H 1
| #define HAVE_UNISTD_H 1
| #define HAVE_DLFCN_H 1
| #define LT_OBJDIR ".libs/"
| #define SIZEOF_SIZE_T 8
| #define HAVE_SYS_MMAN_H 1
| #define HAVE_MMAP 1
| #define HAVE_MKOSTEMP 1
| #define HAVE_MMAP_FILE 1
| #define HAVE_MMAP_DEV_ZERO 1
| #define HAVE_MMAP_ANON 1
| #define STDC_HEADERS 1
| #define HAVE_MEMCPY 1
| /* end confdefs.h.  */
| #include <stdio.h>
| #ifdef HAVE_SYS_TYPES_H
| # include <sys/types.h>
| #endif
| #ifdef HAVE_SYS_STAT_H
| # include <sys/stat.h>
| #endif
| #ifdef STDC_HEADERS
| # include <stdlib.h>
| # include <stddef.h>
| #else
| # ifdef HAVE_STDLIB_H
| #  include <stdlib.h>
| # endif
| #endif
| #ifdef HAVE_STRING_H
| # if !defined STDC_HEADERS && defined HAVE_MEMORY_H
| #  include <memory.h>
| # endif
| # include <string.h>
| #endif
| #ifdef HAVE_STRINGS_H
| # include <strings.h>
| #endif
| #ifdef HAVE_INTTYPES_H
| # include <inttypes.h>
| #endif
| #ifdef HAVE_STDINT_H
| # include <stdint.h>
| #endif
| #ifdef HAVE_UNISTD_H
| # include <unistd.h>
| #endif
| int
| main ()
| {
| if (sizeof ((size_t)))
| 	    return 0;
|   ;
|   return 0;
| }
configure:17745: result: yes
configure:17758: checking for working alloca.h
configure:17775: gcc -o conftest -O3 -fomit-frame-pointer -fstrict-aliasing -ffast-math -march=core2  -Wall -fexceptions   conftest.c  >&5
configure:17775: $? = 0
configure:17783: result: yes
configure:17791: checking for alloca
configure:17828: gcc -o conftest -O3 -fomit-frame-pointer -fstrict-aliasing -ffast-math -march=core2  -Wall -fexceptions   conftest.c  >&5
configure:17828: $? = 0
configure:17836: result: yes
configure:17947: checking size of double
configure:17952: gcc -o conftest -O3 -fomit-frame-pointer -fstrict-aliasing -ffast-math -march=core2  -Wall -fexceptions   conftest.c  >&5
configure:17952: $? = 0
configure:17952: ./conftest
configure:17952: $? = 0
configure:17966: result: 8
configure:17980: checking size of long double
configure:17985: gcc -o conftest -O3 -fomit-frame-pointer -fstrict-aliasing -ffast-math -march=core2  -Wall -fexceptions   conftest.c  >&5
configure:17985: $? = 0
configure:17985: ./conftest
configure:17985: $? = 0
configure:17999: result: 16
configure:18032: checking whether byte ordering is bigendian
configure:18047: gcc -c -O3 -fomit-frame-pointer -fstrict-aliasing -ffast-math -march=core2  -Wall -fexceptions  conftest.c >&5
conftest.c:38:9: error: unknown type name 'not'
         not a universal capable compiler
         ^~~
conftest.c:38:15: error: expected '=', ',', ';', 'asm' or '__attribute__' before 'universal'
         not a universal capable compiler
               ^~~~~~~~~
conftest.c:38:15: error: unknown type name 'universal'
configure:18047: $? = 1
configure: failed program was:
| /* confdefs.h */
| #define PACKAGE_NAME "libffi"
| #define PACKAGE_TARNAME "libffi"
| #define PACKAGE_VERSION "3.2.1"
| #define PACKAGE_STRING "libffi 3.2.1"
| #define PACKAGE_BUGREPORT "http://github.com/atgreen/libffi/issues"
| #define PACKAGE_URL ""
| #define PACKAGE "libffi"
| #define VERSION "3.2.1"
| #define STDC_HEADERS 1
| #define HAVE_SYS_TYPES_H 1
| #define HAVE_SYS_STAT_H 1
| #define HAVE_STDLIB_H 1
| #define HAVE_STRING_H 1
| #define HAVE_MEMORY_H 1
| #define HAVE_STRINGS_H 1
| #define HAVE_INTTYPES_H 1
| #define HAVE_STDINT_H 1
| #define HAVE_UNISTD_H 1
| #define HAVE_DLFCN_H 1
| #define LT_OBJDIR ".libs/"
| #define SIZEOF_SIZE_T 8
| #define HAVE_SYS_MMAN_H 1
| #define HAVE_MMAP 1
| #define HAVE_MKOSTEMP 1
| #define HAVE_MMAP_FILE 1
| #define HAVE_MMAP_DEV_ZERO 1
| #define HAVE_MMAP_ANON 1
| #define STDC_HEADERS 1
| #define HAVE_MEMCPY 1
| #define HAVE_ALLOCA_H 1
| #define HAVE_ALLOCA 1
| #define SIZEOF_DOUBLE 8
| #define SIZEOF_LONG_DOUBLE 16
| #define HAVE_LONG_DOUBLE 1
| /* end confdefs.h.  */
| #ifndef __APPLE_CC__
| 	       not a universal capable compiler
| 	     #endif
| 	     typedef int dummy;
| 
configure:18092: gcc -c -O3 -fomit-frame-pointer -fstrict-aliasing -ffast-math -march=core2  -Wall -fexceptions  conftest.c >&5
configure:18092: $? = 0
configure:18110: gcc -c -O3 -fomit-frame-pointer -fstrict-aliasing -ffast-math -march=core2  -Wall -fexceptions  conftest.c >&5
conftest.c: In function 'main':
conftest.c:44:4: error: unknown type name 'not'; did you mean 'ino_t'?
    not big endian
    ^~~
    ino_t
conftest.c:44:12: error: expected '=', ',', ';', 'asm' or '__attribute__' before 'endian'
    not big endian
            ^~~~~~
configure:18110: $? = 1
configure: failed program was:
| /* confdefs.h */
| #define PACKAGE_NAME "libffi"
| #define PACKAGE_TARNAME "libffi"
| #define PACKAGE_VERSION "3.2.1"
| #define PACKAGE_STRING "libffi 3.2.1"
| #define PACKAGE_BUGREPORT "http://github.com/atgreen/libffi/issues"
| #define PACKAGE_URL ""
| #define PACKAGE "libffi"
| #define VERSION "3.2.1"
| #define STDC_HEADERS 1
| #define HAVE_SYS_TYPES_H 1
| #define HAVE_SYS_STAT_H 1
| #define HAVE_STDLIB_H 1
| #define HAVE_STRING_H 1
| #define HAVE_MEMORY_H 1
| #define HAVE_STRINGS_H 1
| #define HAVE_INTTYPES_H 1
| #define HAVE_STDINT_H 1
| #define HAVE_UNISTD_H 1
| #define HAVE_DLFCN_H 1
| #define LT_OBJDIR ".libs/"
| #define SIZEOF_SIZE_T 8
| #define HAVE_SYS_MMAN_H 1
| #define HAVE_MMAP 1
| #define HAVE_MKOSTEMP 1
| #define HAVE_MMAP_FILE 1
| #define HAVE_MMAP_DEV_ZERO 1
| #define HAVE_MMAP_ANON 1
| #define STDC_HEADERS 1
| #define HAVE_MEMCPY 1
| #define HAVE_ALLOCA_H 1
| #define HAVE_ALLOCA 1
| #define SIZEOF_DOUBLE 8
| #define SIZEOF_LONG_DOUBLE 16
| #define HAVE_LONG_DOUBLE 1
| /* end confdefs.h.  */
| #include <sys/types.h>
| 		#include <sys/param.h>
| 
| int
| main ()
| {
| #if BYTE_ORDER != BIG_ENDIAN
| 		 not big endian
| 		#endif
| 
|   ;
|   return 0;
| }
configure:18238: result: no
configure:18257: checking assembler .cfi pseudo-op support
configure:18275: gcc -c -O3 -fomit-frame-pointer -fstrict-aliasing -ffast-math -march=core2  -Wall -fexceptions  conftest.c >&5
configure:18275: $? = 0
configure:18283: result: yes
configure:18369: checking assembler supports pc related relocs
configure:18382: result: yes
configure:18390: checking assembler .ascii pseudo-op support
configure:18409: gcc -c -O3 -fomit-frame-pointer -fstrict-aliasing -ffast-math -march=core2  -Wall -fexceptions  conftest.c >&5
configure:18409: $? = 0
configure:18417: result: yes
configure:18425: checking assembler .string pseudo-op support
configure:18444: gcc -c -O3 -fomit-frame-pointer -fstrict-aliasing -ffast-math -march=core2  -Wall -fexceptions  conftest.c >&5
configure:18444: $? = 0
configure:18452: result: yes
configure:18472: checking for _ prefix in compiled symbols
configure:18482: gcc -c -O3 -fomit-frame-pointer -fstrict-aliasing -ffast-math -march=core2  -Wall -fexceptions  conftest.c >&5
conftest.c: In function 'main':
conftest.c:2:12: warning: statement with no effect [-Wunused-value]
 int main(){nm_test_func;return 0;}
            ^~~~~~~~~~~~
configure:18485: $? = 0
configure:18489: /usr/bin/nm -B conftest.o \| sed -n -e 's/^.*[	 ]\([ABCDGIRSTW][ABCDGIRSTW]*\)[	 ][	 ]*\([_A-Za-z][_A-Za-z0-9]*\)$/\1 \2 \2/p' | sed '/ __gnu_lto/d' \> conftest.nm
configure:18492: $? = 0
configure:18514: result: no
configure:18550: checking toolchain supports unwind section type
configure:18579: result: yes
configure:18589: checking whether .eh_frame section should be read-only
configure:18609: result: yes
configure:18624: checking for __attribute__((visibility("hidden")))
configure:18633: gcc -Werror -S conftest.c -o conftest.s 1>&5
configure:18636: $? = 0
configure:18645: result: yes
configure:18859: checking that generated files are newer than configure
configure:18865: result: done
configure:19077: creating ./config.status

## ---------------------- ##
## Running config.status. ##
## ---------------------- ##

This file was extended by libffi config.status 3.2.1, which was
generated by GNU Autoconf 2.69.  Invocation command line was

  CONFIG_FILES    = 
  CONFIG_HEADERS  = 
  CONFIG_LINKS    = 
  CONFIG_COMMANDS = 
  $ ./config.status 

on nolinux

config.status:1299: creating include/Makefile
config.status:1299: creating include/ffi.h
config.status:1299: creating Makefile
config.status:1299: creating testsuite/Makefile
config.status:1299: creating man/Makefile
config.status:1299: creating libffi.pc
config.status:1299: creating fficonfig.h
config.status:1525: linking ../src/x86/ffitarget.h to include/ffitarget.h
config.status:1544: executing buildir commands
config.status:1574: create top_srcdir/Makefile guessed from local Makefile
config.status:1689: build in x86_64-unknown-linux-gnu (HOST=)
config.status:1544: executing depfiles commands
config.status:1544: executing libtool commands
config.status:1544: executing include commands
config.status:1544: executing src commands

## ---------------- ##
## Cache variables. ##
## ---------------- ##

ac_cv_build=x86_64-unknown-linux-gnu
ac_cv_c_bigendian=no
ac_cv_c_compiler_gnu=yes
ac_cv_cflags_warn_all=-Wall
ac_cv_cxx_compiler_gnu=yes
ac_cv_decl_map_anon=yes
ac_cv_env_CCASFLAGS_set=
ac_cv_env_CCASFLAGS_value=
ac_cv_env_CCAS_set=
ac_cv_env_CCAS_value=
ac_cv_env_CPPFLAGS_set=
ac_cv_env_CPPFLAGS_value=
ac_cv_env_CPP_set=
ac_cv_env_CPP_value=
ac_cv_env_CXXCPP_set=
ac_cv_env_CXXCPP_value=
ac_cv_env_build_alias_set=
ac_cv_env_build_alias_value=
ac_cv_env_host_alias_set=
ac_cv_env_host_alias_value=
ac_cv_env_target_alias_set=
ac_cv_env_target_alias_value=
ac_cv_func_alloca_works=yes
ac_cv_func_memcpy=yes
ac_cv_func_mkostemp=yes
ac_cv_func_mmap=yes
ac_cv_func_mmap_anon=yes
ac_cv_func_mmap_dev_zero=yes
ac_cv_func_mmap_file=yes
ac_cv_header_dlfcn_h=yes
ac_cv_header_inttypes_h=yes
ac_cv_header_memory_h=yes
ac_cv_header_stdc=yes
ac_cv_header_stdint_h=yes
ac_cv_header_stdlib_h=yes
ac_cv_header_string_h=yes
ac_cv_header_strings_h=yes
ac_cv_header_sys_mman_h=yes
ac_cv_header_sys_stat_h=yes
ac_cv_header_sys_types_h=yes
ac_cv_header_unistd_h=yes
ac_cv_host=x86_64-unknown-linux-gnu
ac_cv_objext=o
ac_cv_path_EGREP='/bin/grep -E'
ac_cv_path_FGREP='/bin/grep -F'
ac_cv_path_GREP=/bin/grep
ac_cv_path_SED=/bin/sed
ac_cv_path_ax_enable_builddir_sed=sed
ac_cv_path_install='/usr/bin/install -c'
ac_cv_path_mkdir=/bin/mkdir
ac_cv_prog_AWK=gawk
ac_cv_prog_CPP='gcc -E'
ac_cv_prog_CXXCPP='g++ -E'
ac_cv_prog_ac_ct_AR=ar
ac_cv_prog_ac_ct_CC=gcc
ac_cv_prog_ac_ct_CXX=g++
ac_cv_prog_ac_ct_MANIFEST_TOOL=mt
ac_cv_prog_ac_ct_OBJDUMP=objdump
ac_cv_prog_ac_ct_RANLIB=ranlib
ac_cv_prog_ac_ct_STRIP=strip
ac_cv_prog_cc_c89=
ac_cv_prog_cc_g=yes
ac_cv_prog_cc_gcc_c_o=yes
ac_cv_prog_cxx_g=yes
ac_cv_prog_make_make_set=yes
ac_cv_sizeof_double=8
ac_cv_sizeof_long_double=16
ac_cv_sizeof_size_t=8
ac_cv_target=x86_64-unknown-linux-gnu
ac_cv_type_size_t=yes
ac_cv_working_alloca_h=yes
am_cv_CCAS_dependencies_compiler_type=gcc3
am_cv_CC_dependencies_compiler_type=gcc3
am_cv_CXX_dependencies_compiler_type=gcc3
am_cv_make_support_nested_variables=yes
ax_cv_c_compiler_vendor=gnu
ax_cv_check_cflags___O3__fomit_frame_pointer__fstrict_aliasing__ffast_math__march_core2=yes
ax_cv_check_cflags___ffast_math=yes
ax_cv_check_cflags___fstrict_aliasing=yes
ax_cv_check_cflags___march_core2=yes
ax_cv_gcc_archflag=-march=core2
ax_cv_gcc_x86_cpuid_0=16:756e6547:6c65746e:49656e69
ax_cv_gcc_x86_cpuid_1=506e3:100800:7ffafbbf:bfebfbff
gcc_cv_as_cfi_pseudo_op=yes
libffi_cv_as_ascii_pseudo_op=yes
libffi_cv_as_string_pseudo_op=yes
libffi_cv_as_x86_64_unwind_section_type=yes
libffi_cv_as_x86_pcrel=yes
libffi_cv_hidden_visibility_attribute=yes
libffi_cv_ro_eh_frame=yes
lt_cv_ar_at_file=@
lt_cv_archive_cmds_need_lc=no
lt_cv_deplibs_check_method=pass_all
lt_cv_file_magic_cmd='$MAGIC_CMD'
lt_cv_file_magic_test_file=
lt_cv_ld_reload_flag=-r
lt_cv_nm_interface='BSD nm'
lt_cv_objdir=.libs
lt_cv_path_LD=/usr/bin/ld
lt_cv_path_LDCXX='/usr/bin/ld -m elf_x86_64'
lt_cv_path_NM='/usr/bin/nm -B'
lt_cv_path_mainfest_tool=no
lt_cv_prog_compiler_c_o=yes
lt_cv_prog_compiler_c_o_CXX=yes
lt_cv_prog_compiler_pic='-fPIC -DPIC'
lt_cv_prog_compiler_pic_CXX='-fPIC -DPIC'
lt_cv_prog_compiler_pic_works=yes
lt_cv_prog_compiler_pic_works_CXX=yes
lt_cv_prog_compiler_rtti_exceptions=no
lt_cv_prog_compiler_static_works=yes
lt_cv_prog_compiler_static_works_CXX=yes
lt_cv_prog_gnu_ld=yes
lt_cv_prog_gnu_ldcxx=yes
lt_cv_sharedlib_from_linklib_cmd='printf %s\n'
lt_cv_shlibpath_overrides_runpath=yes
lt_cv_sys_global_symbol_pipe='sed -n -e '\''s/^.*[	 ]\([ABCDGIRSTW][ABCDGIRSTW]*\)[	 ][	 ]*\([_A-Za-z][_A-Za-z0-9]*\)$/\1 \2 \2/p'\'' | sed '\''/ __gnu_lto/d'\'''
lt_cv_sys_global_symbol_to_c_name_address='sed -n -e '\''s/^: \([^ ]*\)[ ]*$/  {\"\1\", (void *) 0},/p'\'' -e '\''s/^[ABCDGIRSTW]* \([^ ]*\) \([^ ]*\)$/  {"\2", (void *) \&\2},/p'\'''
lt_cv_sys_global_symbol_to_c_name_address_lib_prefix='sed -n -e '\''s/^: \([^ ]*\)[ ]*$/  {\"\1\", (void *) 0},/p'\'' -e '\''s/^[ABCDGIRSTW]* \([^ ]*\) \(lib[^ ]*\)$/  {"\2", (void *) \&\2},/p'\'' -e '\''s/^[ABCDGIRSTW]* \([^ ]*\) \([^ ]*\)$/  {"lib\2", (void *) \&\2},/p'\'''
lt_cv_sys_global_symbol_to_cdecl='sed -n -e '\''s/^T .* \(.*\)$/extern int \1();/p'\'' -e '\''s/^[ABCDGIRSTW]* .* \(.*\)$/extern char \1;/p'\'''
lt_cv_sys_max_cmd_len=1572864
lt_cv_sys_symbol_underscore=no
lt_cv_to_host_file_cmd=func_convert_file_noop
lt_cv_to_tool_file_cmd=func_convert_file_noop

## ----------------- ##
## Output variables. ##
## ----------------- ##

AARCH64_FALSE=''
AARCH64_TRUE='#'
ACLOCAL='${SHELL} /home/niikoo/Documents/Projects/node-ffi/deps/libffi/missing aclocal-1.13'
ALLOCA=''
ALPHA_FALSE=''
ALPHA_TRUE='#'
AMDEPBACKSLASH='\'
AMDEP_FALSE='#'
AMDEP_TRUE=''
AMTAR='$${TAR-tar}'
AM_BACKSLASH='\'
AM_DEFAULT_V='$(AM_DEFAULT_VERBOSITY)'
AM_DEFAULT_VERBOSITY='1'
AM_LTLDFLAGS=''
AM_RUNTESTFLAGS=''
AM_V='$(V)'
AR='ar'
ARC_FALSE=''
ARC_TRUE='#'
ARM_FALSE=''
ARM_TRUE='#'
AUTOCONF='${SHELL} /home/niikoo/Documents/Projects/node-ffi/deps/libffi/missing autoconf'
AUTOHEADER='${SHELL} /home/niikoo/Documents/Projects/node-ffi/deps/libffi/missing autoheader'
AUTOMAKE='${SHELL} /home/niikoo/Documents/Projects/node-ffi/deps/libffi/missing automake-1.13'
AVR32_FALSE=''
AVR32_TRUE='#'
AWK='gawk'
BFIN_FALSE=''
BFIN_TRUE='#'
CC='gcc'
CCAS='gcc'
CCASDEPMODE='depmode=gcc3'
CCASFLAGS=''
CCDEPMODE='depmode=gcc3'
CFLAGS='-O3 -fomit-frame-pointer -fstrict-aliasing -ffast-math -march=core2  -Wall -fexceptions'
CPP='gcc -E'
CPPFLAGS=''
CXX='g++'
CXXCPP='g++ -E'
CXXDEPMODE='depmode=gcc3'
CXXFLAGS='-g -O2'
CYGPATH_W='echo'
DEFS='-DHAVE_CONFIG_H'
DEPDIR='.deps'
DLLTOOL='false'
DSYMUTIL=''
DUMPBIN=''
ECHO_C=''
ECHO_N='-n'
ECHO_T=''
EGREP='/bin/grep -E'
EXEEXT=''
FFI_DEBUG_FALSE=''
FFI_DEBUG_TRUE='#'
FFI_EXEC_TRAMPOLINE_TABLE='0'
FFI_EXEC_TRAMPOLINE_TABLE_FALSE=''
FFI_EXEC_TRAMPOLINE_TABLE_TRUE='#'
FGREP='/bin/grep -F'
FRV_FALSE=''
FRV_TRUE='#'
GREP='/bin/grep'
HAVE_LONG_DOUBLE='1'
HAVE_LONG_DOUBLE_VARIANT='0'
IA64_FALSE=''
IA64_TRUE='#'
INSTALL_DATA='${INSTALL} -m 644'
INSTALL_PROGRAM='${INSTALL}'
INSTALL_SCRIPT='${INSTALL}'
INSTALL_STRIP_PROGRAM='$(install_sh) -c -s'
LD='/usr/bin/ld -m elf_x86_64'
LDFLAGS=''
LIBFFI_CRIS_FALSE=''
LIBFFI_CRIS_TRUE='#'
LIBOBJS=''
LIBS=''
LIBTOOL='$(SHELL) $(top_builddir)/libtool'
LIPO=''
LN_S='ln -s'
LTLIBOBJS=''
M32R_FALSE=''
M32R_TRUE='#'
M68K_FALSE=''
M68K_TRUE='#'
M88K_FALSE=''
M88K_TRUE='#'
MAINT='#'
MAINTAINER_MODE_FALSE=''
MAINTAINER_MODE_TRUE='#'
MAKEINFO='${SHELL} /home/niikoo/Documents/Projects/node-ffi/deps/libffi/missing makeinfo'
MANIFEST_TOOL=':'
METAG_FALSE=''
METAG_TRUE='#'
MICROBLAZE_FALSE=''
MICROBLAZE_TRUE='#'
MIPS_FALSE=''
MIPS_TRUE='#'
MKDIR_P='/bin/mkdir -p'
MOXIE_FALSE=''
MOXIE_TRUE='#'
NIOS2_FALSE=''
NIOS2_TRUE='#'
NM='/usr/bin/nm -B'
NMEDIT=''
OBJDUMP='objdump'
OBJEXT='o'
OR1K_FALSE=''
OR1K_TRUE='#'
OTOOL64=''
OTOOL=''
PA64_HPUX_FALSE=''
PA64_HPUX_TRUE='#'
PACKAGE='libffi'
PACKAGE_BUGREPORT='http://github.com/atgreen/libffi/issues'
PACKAGE_NAME='libffi'
PACKAGE_STRING='libffi 3.2.1'
PACKAGE_TARNAME='libffi'
PACKAGE_URL=''
PACKAGE_VERSION='3.2.1'
PATH_SEPARATOR=':'
PA_HPUX_FALSE=''
PA_HPUX_TRUE='#'
PA_LINUX_FALSE=''
PA_LINUX_TRUE='#'
POWERPC_AIX_FALSE=''
POWERPC_AIX_TRUE='#'
POWERPC_DARWIN_FALSE=''
POWERPC_DARWIN_TRUE='#'
POWERPC_FALSE=''
POWERPC_FREEBSD_FALSE=''
POWERPC_FREEBSD_TRUE='#'
POWERPC_TRUE='#'
PRTDIAG=''
RANLIB='ranlib'
S390_FALSE=''
S390_TRUE='#'
SED='/bin/sed'
SET_MAKE=''
SH64_FALSE=''
SH64_TRUE='#'
SHELL='/bin/bash'
SH_FALSE=''
SH_TRUE='#'
SPARC_FALSE=''
SPARC_TRUE='#'
STRIP='strip'
TARGET='X86_64'
TARGETDIR='x86'
TESTSUBDIR_FALSE='#'
TESTSUBDIR_TRUE=''
TILE_FALSE=''
TILE_TRUE='#'
VAX_FALSE=''
VAX_TRUE='#'
VERSION='3.2.1'
X86_64_FALSE='#'
X86_64_TRUE=''
X86_DARWIN32_FALSE=''
X86_DARWIN32_TRUE='#'
X86_DARWIN64_FALSE=''
X86_DARWIN64_TRUE='#'
X86_DARWIN_FALSE=''
X86_DARWIN_TRUE='#'
X86_FALSE=''
X86_FREEBSD_FALSE=''
X86_FREEBSD_TRUE='#'
X86_TRUE='#'
X86_WIN32_FALSE=''
X86_WIN32_TRUE='#'
X86_WIN64_FALSE=''
X86_WIN64_TRUE='#'
XTENSA_FALSE=''
XTENSA_TRUE='#'
ac_ct_AR='ar'
ac_ct_CC='gcc'
ac_ct_CXX='g++'
ac_ct_DUMPBIN=''
am__EXEEXT_FALSE=''
am__EXEEXT_TRUE='#'
am__fastdepCCAS_FALSE='#'
am__fastdepCCAS_TRUE=''
am__fastdepCC_FALSE='#'
am__fastdepCC_TRUE=''
am__fastdepCXX_FALSE='#'
am__fastdepCXX_TRUE=''
am__include='include'
am__isrc=' -I$(srcdir)'
am__leading_dot='.'
am__nodep='_no'
am__quote=''
am__tar='$${TAR-tar} chof - "$$tardir"'
am__untar='$${TAR-tar} xf -'
ax_enable_builddir_sed='sed'
bindir='${exec_prefix}/bin'
build='x86_64-unknown-linux-gnu'
build_alias=''
build_cpu='x86_64'
build_os='linux-gnu'
build_vendor='unknown'
datadir='${datarootdir}'
datarootdir='${prefix}/share'
docdir='${datarootdir}/doc/${PACKAGE_TARNAME}'
dvidir='${docdir}'
exec_prefix='${prefix}'
host='x86_64-unknown-linux-gnu'
host_alias=''
host_cpu='x86_64'
host_os='linux-gnu'
host_vendor='unknown'
htmldir='${docdir}'
includedir='${prefix}/include'
infodir='${datarootdir}/info'
install_sh='${SHELL} /home/niikoo/Documents/Projects/node-ffi/deps/libffi/install-sh'
libdir='${exec_prefix}/lib'
libexecdir='${exec_prefix}/libexec'
localedir='${datarootdir}/locale'
localstatedir='${prefix}/var'
mandir='${datarootdir}/man'
mkdir_p='$(MKDIR_P)'
oldincludedir='/usr/include'
pdfdir='${docdir}'
prefix='/usr/local'
program_transform_name='s,x,x,'
psdir='${docdir}'
sbindir='${exec_prefix}/sbin'
sharedstatedir='${prefix}/com'
sys_symbol_underscore='no'
sysconfdir='${prefix}/etc'
target='x86_64-unknown-linux-gnu'
target_alias=''
target_cpu='x86_64'
target_os='linux-gnu'
target_vendor='unknown'
toolexecdir='${exec_prefix}/lib/gcc-lib/$(target_alias)'
toolexeclibdir='${exec_prefix}/lib/../lib'

## ----------- ##
## confdefs.h. ##
## ----------- ##

/* confdefs.h */
#define PACKAGE_NAME "libffi"
#define PACKAGE_TARNAME "libffi"
#define PACKAGE_VERSION "3.2.1"
#define PACKAGE_STRING "libffi 3.2.1"
#define PACKAGE_BUGREPORT "http://github.com/atgreen/libffi/issues"
#define PACKAGE_URL ""
#define PACKAGE "libffi"
#define VERSION "3.2.1"
#define STDC_HEADERS 1
#define HAVE_SYS_TYPES_H 1
#define HAVE_SYS_STAT_H 1
#define HAVE_STDLIB_H 1
#define HAVE_STRING_H 1
#define HAVE_MEMORY_H 1
#define HAVE_STRINGS_H 1
#define HAVE_INTTYPES_H 1
#define HAVE_STDINT_H 1
#define HAVE_UNISTD_H 1
#define HAVE_DLFCN_H 1
#define LT_OBJDIR ".libs/"
#define SIZEOF_SIZE_T 8
#define HAVE_SYS_MMAN_H 1
#define HAVE_MMAP 1
#define HAVE_MKOSTEMP 1
#define HAVE_MMAP_FILE 1
#define HAVE_MMAP_DEV_ZERO 1
#define HAVE_MMAP_ANON 1
#define STDC_HEADERS 1
#define HAVE_MEMCPY 1
#define HAVE_ALLOCA_H 1
#define HAVE_ALLOCA 1
#define SIZEOF_DOUBLE 8
#define SIZEOF_LONG_DOUBLE 16
#define HAVE_LONG_DOUBLE 1
#define HAVE_AS_CFI_PSEUDO_OP 1
#define HAVE_AS_X86_PCREL 1
#define HAVE_AS_ASCII_PSEUDO_OP 1
#define HAVE_AS_STRING_PSEUDO_OP 1
#define HAVE_AS_X86_64_UNWIND_SECTION_TYPE 1
#define HAVE_RO_EH_FRAME 1
#define EH_FRAME_FLAGS "a"
#define HAVE_HIDDEN_VISIBILITY_ATTRIBUTE 1

configure: exit 0

## ---------------- ##
## Cache variables. ##
## ---------------- ##

ac_cv_build=x86_64-unknown-linux-gnu
ac_cv_env_CCASFLAGS_set=
ac_cv_env_CCASFLAGS_value=
ac_cv_env_CCAS_set=
ac_cv_env_CCAS_value=
ac_cv_env_CPPFLAGS_set=
ac_cv_env_CPPFLAGS_value=
ac_cv_env_CPP_set=
ac_cv_env_CPP_value=
ac_cv_env_CXXCPP_set=
ac_cv_env_CXXCPP_value=
ac_cv_env_build_alias_set=
ac_cv_env_build_alias_value=
ac_cv_env_host_alias_set=
ac_cv_env_host_alias_value=
ac_cv_env_target_alias_set=
ac_cv_env_target_alias_value=
ac_cv_host=x86_64-unknown-linux-gnu
ac_cv_target=x86_64-unknown-linux-gnu

## ----------------- ##
## Output variables. ##
## ----------------- ##

AARCH64_FALSE=''
AARCH64_TRUE=''
ACLOCAL=''
ALLOCA=''
ALPHA_FALSE=''
ALPHA_TRUE=''
AMDEPBACKSLASH=''
AMDEP_FALSE=''
AMDEP_TRUE=''
AMTAR=''
AM_BACKSLASH=''
AM_DEFAULT_V=''
AM_DEFAULT_VERBOSITY=''
AM_LTLDFLAGS=''
AM_RUNTESTFLAGS=''
AM_V=''
AR=''
ARC_FALSE=''
ARC_TRUE=''
ARM_FALSE=''
ARM_TRUE=''
AUTOCONF=''
AUTOHEADER=''
AUTOMAKE=''
AVR32_FALSE=''
AVR32_TRUE=''
AWK=''
BFIN_FALSE=''
BFIN_TRUE=''
CC=''
CCAS=''
CCASDEPMODE=''
CCASFLAGS=''
CCDEPMODE=''
CFLAGS=''
CPP=''
CPPFLAGS=''
CXX=''
CXXCPP=''
CXXDEPMODE=''
CXXFLAGS=''
CYGPATH_W=''
DEFS=''
DEPDIR=''
DLLTOOL=''
DSYMUTIL=''
DUMPBIN=''
ECHO_C=''
ECHO_N='-n'
ECHO_T=''
EGREP=''
EXEEXT=''
FFI_DEBUG_FALSE=''
FFI_DEBUG_TRUE=''
FFI_EXEC_TRAMPOLINE_TABLE=''
FFI_EXEC_TRAMPOLINE_TABLE_FALSE=''
FFI_EXEC_TRAMPOLINE_TABLE_TRUE=''
FGREP=''
FRV_FALSE=''
FRV_TRUE=''
GREP=''
HAVE_LONG_DOUBLE=''
HAVE_LONG_DOUBLE_VARIANT=''
IA64_FALSE=''
IA64_TRUE=''
INSTALL_DATA=''
INSTALL_PROGRAM=''
INSTALL_SCRIPT=''
INSTALL_STRIP_PROGRAM=''
LD=''
LDFLAGS=''
LIBFFI_CRIS_FALSE=''
LIBFFI_CRIS_TRUE=''
LIBOBJS=''
LIBS=''
LIBTOOL=''
LIPO=''
LN_S=''
LTLIBOBJS=''
M32R_FALSE=''
M32R_TRUE=''
M68K_FALSE=''
M68K_TRUE=''
M88K_FALSE=''
M88K_TRUE=''
MAINT=''
MAINTAINER_MODE_FALSE=''
MAINTAINER_MODE_TRUE=''
MAKEINFO=''
MANIFEST_TOOL=''
METAG_FALSE=''
METAG_TRUE=''
MICROBLAZE_FALSE=''
MICROBLAZE_TRUE=''
MIPS_FALSE=''
MIPS_TRUE=''
MKDIR_P=''
MOXIE_FALSE=''
MOXIE_TRUE=''
NIOS2_FALSE=''
NIOS2_TRUE=''
NM=''
NMEDIT=''
OBJDUMP=''
OBJEXT=''
OR1K_FALSE=''
OR1K_TRUE=''
OTOOL64=''
OTOOL=''
PA64_HPUX_FALSE=''
PA64_HPUX_TRUE=''
PACKAGE=''
PACKAGE_BUGREPORT='http://github.com/atgreen/libffi/issues'
PACKAGE_NAME='libffi'
PACKAGE_STRING='libffi 3.2.1'
PACKAGE_TARNAME='libffi'
PACKAGE_URL=''
PACKAGE_VERSION='3.2.1'
PATH_SEPARATOR=':'
PA_HPUX_FALSE=''
PA_HPUX_TRUE=''
PA_LINUX_FALSE=''
PA_LINUX_TRUE=''
POWERPC_AIX_FALSE=''
POWERPC_AIX_TRUE=''
POWERPC_DARWIN_FALSE=''
POWERPC_DARWIN_TRUE=''
POWERPC_FALSE=''
POWERPC_FREEBSD_FALSE=''
POWERPC_FREEBSD_TRUE=''
POWERPC_TRUE=''
PRTDIAG=''
RANLIB=''
S390_FALSE=''
S390_TRUE=''
SED=''
SET_MAKE=''
SH64_FALSE=''
SH64_TRUE=''
SHELL='/bin/bash'
SH_FALSE=''
SH_TRUE=''
SPARC_FALSE=''
SPARC_TRUE=''
STRIP=''
TARGET='x86_64-unknown-linux-gnu'
TARGETDIR=''
TESTSUBDIR_FALSE=''
TESTSUBDIR_TRUE=''
TILE_FALSE=''
TILE_TRUE=''
VAX_FALSE=''
VAX_TRUE=''
VERSION=''
X86_64_FALSE=''
X86_64_TRUE=''
X86_DARWIN32_FALSE=''
X86_DARWIN32_TRUE=''
X86_DARWIN64_FALSE=''
X86_DARWIN64_TRUE=''
X86_DARWIN_FALSE=''
X86_DARWIN_TRUE=''
X86_FALSE=''
X86_FREEBSD_FALSE=''
X86_FREEBSD_TRUE=''
X86_TRUE=''
X86_WIN32_FALSE=''
X86_WIN32_TRUE=''
X86_WIN64_FALSE=''
X86_WIN64_TRUE=''
XTENSA_FALSE=''
XTENSA_TRUE=''
ac_ct_AR=''
ac_ct_CC=''
ac_ct_CXX=''
ac_ct_DUMPBIN=''
am__EXEEXT_FALSE=''
am__EXEEXT_TRUE=''
am__fastdepCCAS_FALSE=''
am__fastdepCCAS_TRUE=''
am__fastdepCC_FALSE=''
am__fastdepCC_TRUE=''
am__fastdepCXX_FALSE=''
am__fastdepCXX_TRUE=''
am__include=''
am__isrc=''
am__leading_dot=''
am__nodep=''
am__quote=''
am__tar=''
am__untar=''
ax_enable_builddir_sed=''
bindir='${exec_prefix}/bin'
build='x86_64-unknown-linux-gnu'
build_alias=''
build_cpu='x86_64'
build_os='linux-gnu'
build_vendor='unknown'
datadir='${datarootdir}'
datarootdir='${prefix}/share'
docdir='${datarootdir}/doc/${PACKAGE_TARNAME}'
dvidir='${docdir}'
exec_prefix='NONE'
host='x86_64-unknown-linux-gnu'
host_alias=''
host_cpu='x86_64'
host_os='linux-gnu'
host_vendor='unknown'
htmldir='${docdir}'
includedir='${prefix}/include'
infodir='${datarootdir}/info'
install_sh=''
libdir='${exec_prefix}/lib'
libexecdir='${exec_prefix}/libexec'
localedir='${datarootdir}/locale'
localstatedir='${prefix}/var'
mandir='${datarootdir}/man'
mkdir_p=''
oldincludedir='/usr/include'
pdfdir='${docdir}'
prefix='NONE'
program_transform_name='s,x,x,'
psdir='${docdir}'
sbindir='${exec_prefix}/sbin'
sharedstatedir='${prefix}/com'
sys_symbol_underscore=''
sysconfdir='${prefix}/etc'
target='x86_64-unknown-linux-gnu'
target_alias=''
target_cpu='x86_64'
target_os='linux-gnu'
target_vendor='unknown'
toolexecdir=''
toolexeclibdir=''

configure: exit 0
